

Version:	3.50
CmdLine:	C:\Users\zhanghao\Documents\WeChat Files\wxid_ng30ej0t610a22\FileStorage\File\2023-05\project\project\CS109-2023-Sping-ChessDemo\jungle.exe --l4j-debug
JNI:		No
WOW64:		Yes
Working dir:	C:\Users\zhanghao\Documents\WeChat Files\wxid_ng30ej0t610a22\FileStorage\File\2023-05\project\project\CS109-2023-Sping-ChessDemo\.
Requires JDK:	Yes
Requires 64-Bit: Yes
Java min ver:	1.006.000
Java max ver:	1.008.000
JRE paths:	C:\Program Files\Java\jre-1.8
Check launcher:	C:\Program Files\Java\jre-1.8\bin\javaw.exe (OK)
Check javac:	C:\Program Files\Java\jre-1.8\bin\javac.exe (not found)
64-bit search:	SOFTWARE\JavaSoft\Java Development Kit...
Check:		SOFTWARE\JavaSoft\Java Development Kit\1.8
Version string: 1.008.000 / 64-Bit (OK)
Check launcher:	C:\Program Files\Java\jdk1.8.0_361\bin\javaw.exe (not found)
Ignore:		1.008.000
Check:		SOFTWARE\JavaSoft\Java Development Kit\1.8.0_361
Version string: 1.008.000_361 / 64-Bit (Ignore)
Ignore:		1.008.000_361
64-bit search:	SOFTWARE\JavaSoft\JDK...
Check:		SOFTWARE\JavaSoft\JDK\17.0.6
Version string: 1.017.000_006 / 64-Bit (Ignore)
Ignore:		1.017.000_006
64-bit search:	SOFTWARE\IBM\Java Development Kit...
64-bit search:	SOFTWARE\IBM\Java Development Kit...
Error msg:	This application requires a Java Runtime Environment 1.6.0 - 1.8.0 (64-bit)
The registry refers to a nonexistent Java Runtime Environment installation or the runtime is corrupted.
Open URL:	http://java.com/download
