
*** Running vivado
    with args -log Piano_Controller.vds -m64 -product Vivado -mode batch -messageDb vivado.pb -notrace -source Piano_Controller.tcl


****** Vivado v2017.4 (64-bit)
  **** SW Build 2086221 on Fri Dec 15 20:55:39 MST 2017
  **** IP Build 2085800 on Fri Dec 15 22:25:07 MST 2017
    ** Copyright 1986-2017 Xilinx, Inc. All Rights Reserved.

source Piano_Controller.tcl -notrace
Command: synth_design -top Piano_Controller -part xc7a35tcsg324-1
Starting synth_design
Attempting to get a license for feature 'Synthesis' and/or device 'xc7a35t'
INFO: [Common 17-349] Got license for feature 'Synthesis' and/or device 'xc7a35t'
INFO: Launching helper process for spawning children vivado processes
INFO: Helper process launched with PID 14916 
---------------------------------------------------------------------------------
Starting RTL Elaboration : Time (s): cpu = 00:00:04 ; elapsed = 00:00:04 . Memory (MB): peak = 331.148 ; gain = 101.258
---------------------------------------------------------------------------------
INFO: [Synth 8-638] synthesizing module 'Piano_Controller' [C:/Users/B_W_Y_Y/Desktop/12210731_12212602/12210731_12212602/project_3/project_3.srcs/sources_1/new/Piano_Controller.v:24]
INFO: [Synth 8-638] synthesizing module 'Debounce' [C:/Users/B_W_Y_Y/Desktop/12210731_12212602/12210731_12212602/project_3/project_3.srcs/sources_1/new/Debounce.v:22]
INFO: [Synth 8-256] done synthesizing module 'Debounce' (1#1) [C:/Users/B_W_Y_Y/Desktop/12210731_12212602/12210731_12212602/project_3/project_3.srcs/sources_1/new/Debounce.v:22]
INFO: [Synth 8-638] synthesizing module 'Free_play' [C:/Users/B_W_Y_Y/Desktop/12210731_12212602/12210731_12212602/project_3/project_3.srcs/sources_1/new/Free_play.v:23]
INFO: [Synth 8-256] done synthesizing module 'Free_play' (2#1) [C:/Users/B_W_Y_Y/Desktop/12210731_12212602/12210731_12212602/project_3/project_3.srcs/sources_1/new/Free_play.v:23]
INFO: [Synth 8-638] synthesizing module 'Auto_play' [C:/Users/B_W_Y_Y/Desktop/12210731_12212602/12210731_12212602/project_3/project_3.srcs/sources_1/new/Auto_play.v:24]
INFO: [Synth 8-638] synthesizing module 'Fre_div' [C:/Users/B_W_Y_Y/Desktop/12210731_12212602/12210731_12212602/project_3/project_3.srcs/sources_1/new/Fre_div.v:23]
	Parameter period bound to: 50000000 - type: integer 
INFO: [Synth 8-256] done synthesizing module 'Fre_div' (3#1) [C:/Users/B_W_Y_Y/Desktop/12210731_12212602/12210731_12212602/project_3/project_3.srcs/sources_1/new/Fre_div.v:23]
INFO: [Synth 8-638] synthesizing module 'Library' [C:/Users/B_W_Y_Y/Desktop/12210731_12212602/12210731_12212602/project_3/project_3.srcs/sources_1/new/Library.v:23]
INFO: [Synth 8-155] case statement is not full and has no default [C:/Users/B_W_Y_Y/Desktop/12210731_12212602/12210731_12212602/project_3/project_3.srcs/sources_1/new/Library.v:303]
INFO: [Synth 8-155] case statement is not full and has no default [C:/Users/B_W_Y_Y/Desktop/12210731_12212602/12210731_12212602/project_3/project_3.srcs/sources_1/new/Library.v:403]
INFO: [Synth 8-155] case statement is not full and has no default [C:/Users/B_W_Y_Y/Desktop/12210731_12212602/12210731_12212602/project_3/project_3.srcs/sources_1/new/Library.v:485]
INFO: [Synth 8-256] done synthesizing module 'Library' (4#1) [C:/Users/B_W_Y_Y/Desktop/12210731_12212602/12210731_12212602/project_3/project_3.srcs/sources_1/new/Library.v:23]
INFO: [Synth 8-256] done synthesizing module 'Auto_play' (5#1) [C:/Users/B_W_Y_Y/Desktop/12210731_12212602/12210731_12212602/project_3/project_3.srcs/sources_1/new/Auto_play.v:24]
INFO: [Synth 8-638] synthesizing module 'Studymode' [C:/Users/B_W_Y_Y/Desktop/12210731_12212602/12210731_12212602/project_3/project_3.srcs/sources_1/new/Studymode.v:23]
INFO: [Synth 8-638] synthesizing module 'Fre_div__parameterized0' [C:/Users/B_W_Y_Y/Desktop/12210731_12212602/12210731_12212602/project_3/project_3.srcs/sources_1/new/Fre_div.v:23]
	Parameter period bound to: 50000000 - type: integer 
INFO: [Synth 8-256] done synthesizing module 'Fre_div__parameterized0' (5#1) [C:/Users/B_W_Y_Y/Desktop/12210731_12212602/12210731_12212602/project_3/project_3.srcs/sources_1/new/Fre_div.v:23]
WARNING: [Synth 8-3848] Net melody_1[200] in module/entity Studymode does not have driver. [C:/Users/B_W_Y_Y/Desktop/12210731_12212602/12210731_12212602/project_3/project_3.srcs/sources_1/new/Studymode.v:36]
WARNING: [Synth 8-3848] Net melody_1[199] in module/entity Studymode does not have driver. [C:/Users/B_W_Y_Y/Desktop/12210731_12212602/12210731_12212602/project_3/project_3.srcs/sources_1/new/Studymode.v:36]
WARNING: [Synth 8-3848] Net melody_1[198] in module/entity Studymode does not have driver. [C:/Users/B_W_Y_Y/Desktop/12210731_12212602/12210731_12212602/project_3/project_3.srcs/sources_1/new/Studymode.v:36]
WARNING: [Synth 8-3848] Net melody_1[197] in module/entity Studymode does not have driver. [C:/Users/B_W_Y_Y/Desktop/12210731_12212602/12210731_12212602/project_3/project_3.srcs/sources_1/new/Studymode.v:36]
WARNING: [Synth 8-3848] Net melody_1[196] in module/entity Studymode does not have driver. [C:/Users/B_W_Y_Y/Desktop/12210731_12212602/12210731_12212602/project_3/project_3.srcs/sources_1/new/Studymode.v:36]
WARNING: [Synth 8-3848] Net melody_1[195] in module/entity Studymode does not have driver. [C:/Users/B_W_Y_Y/Desktop/12210731_12212602/12210731_12212602/project_3/project_3.srcs/sources_1/new/Studymode.v:36]
WARNING: [Synth 8-3848] Net melody_1[194] in module/entity Studymode does not have driver. [C:/Users/B_W_Y_Y/Desktop/12210731_12212602/12210731_12212602/project_3/project_3.srcs/sources_1/new/Studymode.v:36]
WARNING: [Synth 8-3848] Net melody_1[193] in module/entity Studymode does not have driver. [C:/Users/B_W_Y_Y/Desktop/12210731_12212602/12210731_12212602/project_3/project_3.srcs/sources_1/new/Studymode.v:36]
WARNING: [Synth 8-3848] Net melody_1[192] in module/entity Studymode does not have driver. [C:/Users/B_W_Y_Y/Desktop/12210731_12212602/12210731_12212602/project_3/project_3.srcs/sources_1/new/Studymode.v:36]
WARNING: [Synth 8-3848] Net melody_1[191] in module/entity Studymode does not have driver. [C:/Users/B_W_Y_Y/Desktop/12210731_12212602/12210731_12212602/project_3/project_3.srcs/sources_1/new/Studymode.v:36]
WARNING: [Synth 8-3848] Net melody_1[190] in module/entity Studymode does not have driver. [C:/Users/B_W_Y_Y/Desktop/12210731_12212602/12210731_12212602/project_3/project_3.srcs/sources_1/new/Studymode.v:36]
WARNING: [Synth 8-3848] Net melody_1[189] in module/entity Studymode does not have driver. [C:/Users/B_W_Y_Y/Desktop/12210731_12212602/12210731_12212602/project_3/project_3.srcs/sources_1/new/Studymode.v:36]
WARNING: [Synth 8-3848] Net melody_1[188] in module/entity Studymode does not have driver. [C:/Users/B_W_Y_Y/Desktop/12210731_12212602/12210731_12212602/project_3/project_3.srcs/sources_1/new/Studymode.v:36]
WARNING: [Synth 8-3848] Net melody_1[187] in module/entity Studymode does not have driver. [C:/Users/B_W_Y_Y/Desktop/12210731_12212602/12210731_12212602/project_3/project_3.srcs/sources_1/new/Studymode.v:36]
WARNING: [Synth 8-3848] Net melody_1[186] in module/entity Studymode does not have driver. [C:/Users/B_W_Y_Y/Desktop/12210731_12212602/12210731_12212602/project_3/project_3.srcs/sources_1/new/Studymode.v:36]
WARNING: [Synth 8-3848] Net melody_1[185] in module/entity Studymode does not have driver. [C:/Users/B_W_Y_Y/Desktop/12210731_12212602/12210731_12212602/project_3/project_3.srcs/sources_1/new/Studymode.v:36]
WARNING: [Synth 8-3848] Net melody_1[184] in module/entity Studymode does not have driver. [C:/Users/B_W_Y_Y/Desktop/12210731_12212602/12210731_12212602/project_3/project_3.srcs/sources_1/new/Studymode.v:36]
WARNING: [Synth 8-3848] Net melody_1[183] in module/entity Studymode does not have driver. [C:/Users/B_W_Y_Y/Desktop/12210731_12212602/12210731_12212602/project_3/project_3.srcs/sources_1/new/Studymode.v:36]
WARNING: [Synth 8-3848] Net melody_1[182] in module/entity Studymode does not have driver. [C:/Users/B_W_Y_Y/Desktop/12210731_12212602/12210731_12212602/project_3/project_3.srcs/sources_1/new/Studymode.v:36]
WARNING: [Synth 8-3848] Net melody_1[181] in module/entity Studymode does not have driver. [C:/Users/B_W_Y_Y/Desktop/12210731_12212602/12210731_12212602/project_3/project_3.srcs/sources_1/new/Studymode.v:36]
WARNING: [Synth 8-3848] Net melody_1[180] in module/entity Studymode does not have driver. [C:/Users/B_W_Y_Y/Desktop/12210731_12212602/12210731_12212602/project_3/project_3.srcs/sources_1/new/Studymode.v:36]
WARNING: [Synth 8-3848] Net melody_1[179] in module/entity Studymode does not have driver. [C:/Users/B_W_Y_Y/Desktop/12210731_12212602/12210731_12212602/project_3/project_3.srcs/sources_1/new/Studymode.v:36]
WARNING: [Synth 8-3848] Net melody_1[178] in module/entity Studymode does not have driver. [C:/Users/B_W_Y_Y/Desktop/12210731_12212602/12210731_12212602/project_3/project_3.srcs/sources_1/new/Studymode.v:36]
WARNING: [Synth 8-3848] Net melody_1[177] in module/entity Studymode does not have driver. [C:/Users/B_W_Y_Y/Desktop/12210731_12212602/12210731_12212602/project_3/project_3.srcs/sources_1/new/Studymode.v:36]
WARNING: [Synth 8-3848] Net melody_1[176] in module/entity Studymode does not have driver. [C:/Users/B_W_Y_Y/Desktop/12210731_12212602/12210731_12212602/project_3/project_3.srcs/sources_1/new/Studymode.v:36]
WARNING: [Synth 8-3848] Net melody_1[175] in module/entity Studymode does not have driver. [C:/Users/B_W_Y_Y/Desktop/12210731_12212602/12210731_12212602/project_3/project_3.srcs/sources_1/new/Studymode.v:36]
WARNING: [Synth 8-3848] Net melody_1[174] in module/entity Studymode does not have driver. [C:/Users/B_W_Y_Y/Desktop/12210731_12212602/12210731_12212602/project_3/project_3.srcs/sources_1/new/Studymode.v:36]
WARNING: [Synth 8-3848] Net melody_1[173] in module/entity Studymode does not have driver. [C:/Users/B_W_Y_Y/Desktop/12210731_12212602/12210731_12212602/project_3/project_3.srcs/sources_1/new/Studymode.v:36]
WARNING: [Synth 8-3848] Net melody_1[172] in module/entity Studymode does not have driver. [C:/Users/B_W_Y_Y/Desktop/12210731_12212602/12210731_12212602/project_3/project_3.srcs/sources_1/new/Studymode.v:36]
WARNING: [Synth 8-3848] Net melody_1[171] in module/entity Studymode does not have driver. [C:/Users/B_W_Y_Y/Desktop/12210731_12212602/12210731_12212602/project_3/project_3.srcs/sources_1/new/Studymode.v:36]
WARNING: [Synth 8-3848] Net melody_1[170] in module/entity Studymode does not have driver. [C:/Users/B_W_Y_Y/Desktop/12210731_12212602/12210731_12212602/project_3/project_3.srcs/sources_1/new/Studymode.v:36]
WARNING: [Synth 8-3848] Net melody_1[169] in module/entity Studymode does not have driver. [C:/Users/B_W_Y_Y/Desktop/12210731_12212602/12210731_12212602/project_3/project_3.srcs/sources_1/new/Studymode.v:36]
WARNING: [Synth 8-3848] Net melody_1[168] in module/entity Studymode does not have driver. [C:/Users/B_W_Y_Y/Desktop/12210731_12212602/12210731_12212602/project_3/project_3.srcs/sources_1/new/Studymode.v:36]
WARNING: [Synth 8-3848] Net melody_1[167] in module/entity Studymode does not have driver. [C:/Users/B_W_Y_Y/Desktop/12210731_12212602/12210731_12212602/project_3/project_3.srcs/sources_1/new/Studymode.v:36]
WARNING: [Synth 8-3848] Net melody_1[166] in module/entity Studymode does not have driver. [C:/Users/B_W_Y_Y/Desktop/12210731_12212602/12210731_12212602/project_3/project_3.srcs/sources_1/new/Studymode.v:36]
WARNING: [Synth 8-3848] Net melody_1[165] in module/entity Studymode does not have driver. [C:/Users/B_W_Y_Y/Desktop/12210731_12212602/12210731_12212602/project_3/project_3.srcs/sources_1/new/Studymode.v:36]
WARNING: [Synth 8-3848] Net melody_1[164] in module/entity Studymode does not have driver. [C:/Users/B_W_Y_Y/Desktop/12210731_12212602/12210731_12212602/project_3/project_3.srcs/sources_1/new/Studymode.v:36]
WARNING: [Synth 8-3848] Net melody_1[163] in module/entity Studymode does not have driver. [C:/Users/B_W_Y_Y/Desktop/12210731_12212602/12210731_12212602/project_3/project_3.srcs/sources_1/new/Studymode.v:36]
WARNING: [Synth 8-3848] Net melody_1[162] in module/entity Studymode does not have driver. [C:/Users/B_W_Y_Y/Desktop/12210731_12212602/12210731_12212602/project_3/project_3.srcs/sources_1/new/Studymode.v:36]
WARNING: [Synth 8-3848] Net melody_1[161] in module/entity Studymode does not have driver. [C:/Users/B_W_Y_Y/Desktop/12210731_12212602/12210731_12212602/project_3/project_3.srcs/sources_1/new/Studymode.v:36]
WARNING: [Synth 8-3848] Net melody_1[160] in module/entity Studymode does not have driver. [C:/Users/B_W_Y_Y/Desktop/12210731_12212602/12210731_12212602/project_3/project_3.srcs/sources_1/new/Studymode.v:36]
WARNING: [Synth 8-3848] Net melody_1[159] in module/entity Studymode does not have driver. [C:/Users/B_W_Y_Y/Desktop/12210731_12212602/12210731_12212602/project_3/project_3.srcs/sources_1/new/Studymode.v:36]
WARNING: [Synth 8-3848] Net melody_1[158] in module/entity Studymode does not have driver. [C:/Users/B_W_Y_Y/Desktop/12210731_12212602/12210731_12212602/project_3/project_3.srcs/sources_1/new/Studymode.v:36]
WARNING: [Synth 8-3848] Net melody_1[157] in module/entity Studymode does not have driver. [C:/Users/B_W_Y_Y/Desktop/12210731_12212602/12210731_12212602/project_3/project_3.srcs/sources_1/new/Studymode.v:36]
WARNING: [Synth 8-3848] Net melody_1[156] in module/entity Studymode does not have driver. [C:/Users/B_W_Y_Y/Desktop/12210731_12212602/12210731_12212602/project_3/project_3.srcs/sources_1/new/Studymode.v:36]
WARNING: [Synth 8-3848] Net melody_1[155] in module/entity Studymode does not have driver. [C:/Users/B_W_Y_Y/Desktop/12210731_12212602/12210731_12212602/project_3/project_3.srcs/sources_1/new/Studymode.v:36]
WARNING: [Synth 8-3848] Net melody_1[154] in module/entity Studymode does not have driver. [C:/Users/B_W_Y_Y/Desktop/12210731_12212602/12210731_12212602/project_3/project_3.srcs/sources_1/new/Studymode.v:36]
WARNING: [Synth 8-3848] Net melody_1[153] in module/entity Studymode does not have driver. [C:/Users/B_W_Y_Y/Desktop/12210731_12212602/12210731_12212602/project_3/project_3.srcs/sources_1/new/Studymode.v:36]
WARNING: [Synth 8-3848] Net melody_1[152] in module/entity Studymode does not have driver. [C:/Users/B_W_Y_Y/Desktop/12210731_12212602/12210731_12212602/project_3/project_3.srcs/sources_1/new/Studymode.v:36]
WARNING: [Synth 8-3848] Net melody_1[151] in module/entity Studymode does not have driver. [C:/Users/B_W_Y_Y/Desktop/12210731_12212602/12210731_12212602/project_3/project_3.srcs/sources_1/new/Studymode.v:36]
WARNING: [Synth 8-3848] Net melody_1[150] in module/entity Studymode does not have driver. [C:/Users/B_W_Y_Y/Desktop/12210731_12212602/12210731_12212602/project_3/project_3.srcs/sources_1/new/Studymode.v:36]
WARNING: [Synth 8-3848] Net melody_1[149] in module/entity Studymode does not have driver. [C:/Users/B_W_Y_Y/Desktop/12210731_12212602/12210731_12212602/project_3/project_3.srcs/sources_1/new/Studymode.v:36]
WARNING: [Synth 8-3848] Net melody_1[148] in module/entity Studymode does not have driver. [C:/Users/B_W_Y_Y/Desktop/12210731_12212602/12210731_12212602/project_3/project_3.srcs/sources_1/new/Studymode.v:36]
WARNING: [Synth 8-3848] Net melody_1[147] in module/entity Studymode does not have driver. [C:/Users/B_W_Y_Y/Desktop/12210731_12212602/12210731_12212602/project_3/project_3.srcs/sources_1/new/Studymode.v:36]
WARNING: [Synth 8-3848] Net melody_1[146] in module/entity Studymode does not have driver. [C:/Users/B_W_Y_Y/Desktop/12210731_12212602/12210731_12212602/project_3/project_3.srcs/sources_1/new/Studymode.v:36]
WARNING: [Synth 8-3848] Net melody_1[145] in module/entity Studymode does not have driver. [C:/Users/B_W_Y_Y/Desktop/12210731_12212602/12210731_12212602/project_3/project_3.srcs/sources_1/new/Studymode.v:36]
WARNING: [Synth 8-3848] Net melody_1[144] in module/entity Studymode does not have driver. [C:/Users/B_W_Y_Y/Desktop/12210731_12212602/12210731_12212602/project_3/project_3.srcs/sources_1/new/Studymode.v:36]
WARNING: [Synth 8-3848] Net melody_1[143] in module/entity Studymode does not have driver. [C:/Users/B_W_Y_Y/Desktop/12210731_12212602/12210731_12212602/project_3/project_3.srcs/sources_1/new/Studymode.v:36]
WARNING: [Synth 8-3848] Net melody_1[142] in module/entity Studymode does not have driver. [C:/Users/B_W_Y_Y/Desktop/12210731_12212602/12210731_12212602/project_3/project_3.srcs/sources_1/new/Studymode.v:36]
WARNING: [Synth 8-3848] Net melody_1[141] in module/entity Studymode does not have driver. [C:/Users/B_W_Y_Y/Desktop/12210731_12212602/12210731_12212602/project_3/project_3.srcs/sources_1/new/Studymode.v:36]
WARNING: [Synth 8-3848] Net melody_1[140] in module/entity Studymode does not have driver. [C:/Users/B_W_Y_Y/Desktop/12210731_12212602/12210731_12212602/project_3/project_3.srcs/sources_1/new/Studymode.v:36]
WARNING: [Synth 8-3848] Net melody_1[139] in module/entity Studymode does not have driver. [C:/Users/B_W_Y_Y/Desktop/12210731_12212602/12210731_12212602/project_3/project_3.srcs/sources_1/new/Studymode.v:36]
WARNING: [Synth 8-3848] Net melody_1[138] in module/entity Studymode does not have driver. [C:/Users/B_W_Y_Y/Desktop/12210731_12212602/12210731_12212602/project_3/project_3.srcs/sources_1/new/Studymode.v:36]
WARNING: [Synth 8-3848] Net melody_1[137] in module/entity Studymode does not have driver. [C:/Users/B_W_Y_Y/Desktop/12210731_12212602/12210731_12212602/project_3/project_3.srcs/sources_1/new/Studymode.v:36]
WARNING: [Synth 8-3848] Net melody_1[136] in module/entity Studymode does not have driver. [C:/Users/B_W_Y_Y/Desktop/12210731_12212602/12210731_12212602/project_3/project_3.srcs/sources_1/new/Studymode.v:36]
WARNING: [Synth 8-3848] Net melody_1[135] in module/entity Studymode does not have driver. [C:/Users/B_W_Y_Y/Desktop/12210731_12212602/12210731_12212602/project_3/project_3.srcs/sources_1/new/Studymode.v:36]
WARNING: [Synth 8-3848] Net melody_1[134] in module/entity Studymode does not have driver. [C:/Users/B_W_Y_Y/Desktop/12210731_12212602/12210731_12212602/project_3/project_3.srcs/sources_1/new/Studymode.v:36]
WARNING: [Synth 8-3848] Net melody_1[133] in module/entity Studymode does not have driver. [C:/Users/B_W_Y_Y/Desktop/12210731_12212602/12210731_12212602/project_3/project_3.srcs/sources_1/new/Studymode.v:36]
WARNING: [Synth 8-3848] Net melody_1[132] in module/entity Studymode does not have driver. [C:/Users/B_W_Y_Y/Desktop/12210731_12212602/12210731_12212602/project_3/project_3.srcs/sources_1/new/Studymode.v:36]
WARNING: [Synth 8-3848] Net melody_1[131] in module/entity Studymode does not have driver. [C:/Users/B_W_Y_Y/Desktop/12210731_12212602/12210731_12212602/project_3/project_3.srcs/sources_1/new/Studymode.v:36]
WARNING: [Synth 8-3848] Net melody_1[130] in module/entity Studymode does not have driver. [C:/Users/B_W_Y_Y/Desktop/12210731_12212602/12210731_12212602/project_3/project_3.srcs/sources_1/new/Studymode.v:36]
WARNING: [Synth 8-3848] Net melody_1[129] in module/entity Studymode does not have driver. [C:/Users/B_W_Y_Y/Desktop/12210731_12212602/12210731_12212602/project_3/project_3.srcs/sources_1/new/Studymode.v:36]
WARNING: [Synth 8-3848] Net melody_1[128] in module/entity Studymode does not have driver. [C:/Users/B_W_Y_Y/Desktop/12210731_12212602/12210731_12212602/project_3/project_3.srcs/sources_1/new/Studymode.v:36]
WARNING: [Synth 8-3848] Net melody_1[127] in module/entity Studymode does not have driver. [C:/Users/B_W_Y_Y/Desktop/12210731_12212602/12210731_12212602/project_3/project_3.srcs/sources_1/new/Studymode.v:36]
WARNING: [Synth 8-3848] Net melody_1[126] in module/entity Studymode does not have driver. [C:/Users/B_W_Y_Y/Desktop/12210731_12212602/12210731_12212602/project_3/project_3.srcs/sources_1/new/Studymode.v:36]
WARNING: [Synth 8-3848] Net melody_1[125] in module/entity Studymode does not have driver. [C:/Users/B_W_Y_Y/Desktop/12210731_12212602/12210731_12212602/project_3/project_3.srcs/sources_1/new/Studymode.v:36]
WARNING: [Synth 8-3848] Net melody_1[124] in module/entity Studymode does not have driver. [C:/Users/B_W_Y_Y/Desktop/12210731_12212602/12210731_12212602/project_3/project_3.srcs/sources_1/new/Studymode.v:36]
WARNING: [Synth 8-3848] Net melody_1[123] in module/entity Studymode does not have driver. [C:/Users/B_W_Y_Y/Desktop/12210731_12212602/12210731_12212602/project_3/project_3.srcs/sources_1/new/Studymode.v:36]
WARNING: [Synth 8-3848] Net melody_1[122] in module/entity Studymode does not have driver. [C:/Users/B_W_Y_Y/Desktop/12210731_12212602/12210731_12212602/project_3/project_3.srcs/sources_1/new/Studymode.v:36]
WARNING: [Synth 8-3848] Net melody_1[121] in module/entity Studymode does not have driver. [C:/Users/B_W_Y_Y/Desktop/12210731_12212602/12210731_12212602/project_3/project_3.srcs/sources_1/new/Studymode.v:36]
WARNING: [Synth 8-3848] Net melody_1[120] in module/entity Studymode does not have driver. [C:/Users/B_W_Y_Y/Desktop/12210731_12212602/12210731_12212602/project_3/project_3.srcs/sources_1/new/Studymode.v:36]
WARNING: [Synth 8-3848] Net melody_1[119] in module/entity Studymode does not have driver. [C:/Users/B_W_Y_Y/Desktop/12210731_12212602/12210731_12212602/project_3/project_3.srcs/sources_1/new/Studymode.v:36]
WARNING: [Synth 8-3848] Net melody_1[118] in module/entity Studymode does not have driver. [C:/Users/B_W_Y_Y/Desktop/12210731_12212602/12210731_12212602/project_3/project_3.srcs/sources_1/new/Studymode.v:36]
WARNING: [Synth 8-3848] Net melody_1[117] in module/entity Studymode does not have driver. [C:/Users/B_W_Y_Y/Desktop/12210731_12212602/12210731_12212602/project_3/project_3.srcs/sources_1/new/Studymode.v:36]
WARNING: [Synth 8-3848] Net melody_1[116] in module/entity Studymode does not have driver. [C:/Users/B_W_Y_Y/Desktop/12210731_12212602/12210731_12212602/project_3/project_3.srcs/sources_1/new/Studymode.v:36]
WARNING: [Synth 8-3848] Net melody_1[115] in module/entity Studymode does not have driver. [C:/Users/B_W_Y_Y/Desktop/12210731_12212602/12210731_12212602/project_3/project_3.srcs/sources_1/new/Studymode.v:36]
WARNING: [Synth 8-3848] Net melody_1[114] in module/entity Studymode does not have driver. [C:/Users/B_W_Y_Y/Desktop/12210731_12212602/12210731_12212602/project_3/project_3.srcs/sources_1/new/Studymode.v:36]
WARNING: [Synth 8-3848] Net melody_1[113] in module/entity Studymode does not have driver. [C:/Users/B_W_Y_Y/Desktop/12210731_12212602/12210731_12212602/project_3/project_3.srcs/sources_1/new/Studymode.v:36]
WARNING: [Synth 8-3848] Net melody_1[112] in module/entity Studymode does not have driver. [C:/Users/B_W_Y_Y/Desktop/12210731_12212602/12210731_12212602/project_3/project_3.srcs/sources_1/new/Studymode.v:36]
WARNING: [Synth 8-3848] Net melody_1[111] in module/entity Studymode does not have driver. [C:/Users/B_W_Y_Y/Desktop/12210731_12212602/12210731_12212602/project_3/project_3.srcs/sources_1/new/Studymode.v:36]
WARNING: [Synth 8-3848] Net melody_1[110] in module/entity Studymode does not have driver. [C:/Users/B_W_Y_Y/Desktop/12210731_12212602/12210731_12212602/project_3/project_3.srcs/sources_1/new/Studymode.v:36]
WARNING: [Synth 8-3848] Net melody_1[109] in module/entity Studymode does not have driver. [C:/Users/B_W_Y_Y/Desktop/12210731_12212602/12210731_12212602/project_3/project_3.srcs/sources_1/new/Studymode.v:36]
WARNING: [Synth 8-3848] Net melody_1[108] in module/entity Studymode does not have driver. [C:/Users/B_W_Y_Y/Desktop/12210731_12212602/12210731_12212602/project_3/project_3.srcs/sources_1/new/Studymode.v:36]
WARNING: [Synth 8-3848] Net melody_1[107] in module/entity Studymode does not have driver. [C:/Users/B_W_Y_Y/Desktop/12210731_12212602/12210731_12212602/project_3/project_3.srcs/sources_1/new/Studymode.v:36]
WARNING: [Synth 8-3848] Net melody_1[106] in module/entity Studymode does not have driver. [C:/Users/B_W_Y_Y/Desktop/12210731_12212602/12210731_12212602/project_3/project_3.srcs/sources_1/new/Studymode.v:36]
WARNING: [Synth 8-3848] Net melody_1[105] in module/entity Studymode does not have driver. [C:/Users/B_W_Y_Y/Desktop/12210731_12212602/12210731_12212602/project_3/project_3.srcs/sources_1/new/Studymode.v:36]
WARNING: [Synth 8-3848] Net melody_1[104] in module/entity Studymode does not have driver. [C:/Users/B_W_Y_Y/Desktop/12210731_12212602/12210731_12212602/project_3/project_3.srcs/sources_1/new/Studymode.v:36]
WARNING: [Synth 8-3848] Net melody_1[103] in module/entity Studymode does not have driver. [C:/Users/B_W_Y_Y/Desktop/12210731_12212602/12210731_12212602/project_3/project_3.srcs/sources_1/new/Studymode.v:36]
WARNING: [Synth 8-3848] Net melody_1[102] in module/entity Studymode does not have driver. [C:/Users/B_W_Y_Y/Desktop/12210731_12212602/12210731_12212602/project_3/project_3.srcs/sources_1/new/Studymode.v:36]
WARNING: [Synth 8-3848] Net melody_1[101] in module/entity Studymode does not have driver. [C:/Users/B_W_Y_Y/Desktop/12210731_12212602/12210731_12212602/project_3/project_3.srcs/sources_1/new/Studymode.v:36]
INFO: [Common 17-14] Message 'Synth 8-3848' appears 100 times and further instances of the messages will be disabled. Use the Tcl command set_msg_config to change the current settings.
INFO: [Synth 8-256] done synthesizing module 'Studymode' (6#1) [C:/Users/B_W_Y_Y/Desktop/12210731_12212602/12210731_12212602/project_3/project_3.srcs/sources_1/new/Studymode.v:23]
INFO: [Synth 8-638] synthesizing module 'Buzzer' [C:/Users/B_W_Y_Y/Desktop/12210731_12212602/12210731_12212602/project_3/project_3.srcs/sources_1/new/Buzzer.v:23]
INFO: [Synth 8-256] done synthesizing module 'Buzzer' (7#1) [C:/Users/B_W_Y_Y/Desktop/12210731_12212602/12210731_12212602/project_3/project_3.srcs/sources_1/new/Buzzer.v:23]
INFO: [Synth 8-638] synthesizing module 'Led' [C:/Users/B_W_Y_Y/Desktop/12210731_12212602/12210731_12212602/project_3/project_3.srcs/sources_1/new/Led.v:23]
INFO: [Synth 8-256] done synthesizing module 'Led' (8#1) [C:/Users/B_W_Y_Y/Desktop/12210731_12212602/12210731_12212602/project_3/project_3.srcs/sources_1/new/Led.v:23]
INFO: [Synth 8-638] synthesizing module 'Light_seg' [C:/Users/B_W_Y_Y/Desktop/12210731_12212602/12210731_12212602/project_3/project_3.srcs/sources_1/new/Light_seg.v:23]
INFO: [Synth 8-226] default block is never used [C:/Users/B_W_Y_Y/Desktop/12210731_12212602/12210731_12212602/project_3/project_3.srcs/sources_1/new/Light_seg.v:50]
INFO: [Synth 8-226] default block is never used [C:/Users/B_W_Y_Y/Desktop/12210731_12212602/12210731_12212602/project_3/project_3.srcs/sources_1/new/Light_seg.v:60]
INFO: [Synth 8-256] done synthesizing module 'Light_seg' (9#1) [C:/Users/B_W_Y_Y/Desktop/12210731_12212602/12210731_12212602/project_3/project_3.srcs/sources_1/new/Light_seg.v:23]
INFO: [Synth 8-256] done synthesizing module 'Piano_Controller' (10#1) [C:/Users/B_W_Y_Y/Desktop/12210731_12212602/12210731_12212602/project_3/project_3.srcs/sources_1/new/Piano_Controller.v:24]
WARNING: [Synth 8-3917] design Piano_Controller has port sd driven by constant 1
---------------------------------------------------------------------------------
Finished RTL Elaboration : Time (s): cpu = 00:00:05 ; elapsed = 00:00:05 . Memory (MB): peak = 384.246 ; gain = 154.355
---------------------------------------------------------------------------------

Report Check Netlist: 
+------+------------------+-------+---------+-------+------------------+
|      |Item              |Errors |Warnings |Status |Description       |
+------+------------------+-------+---------+-------+------------------+
|1     |multi_driven_nets |      0|        0|Passed |Multi driven nets |
+------+------------------+-------+---------+-------+------------------+
---------------------------------------------------------------------------------
Finished RTL Optimization Phase 1 : Time (s): cpu = 00:00:05 ; elapsed = 00:00:05 . Memory (MB): peak = 384.246 ; gain = 154.355
---------------------------------------------------------------------------------
INFO: [Device 21-403] Loading part xc7a35tcsg324-1
INFO: [Project 1-570] Preparing netlist for logic optimization

Processing XDC Constraints
Initializing timing engine
Parsing XDC File [C:/Users/B_W_Y_Y/Desktop/12210731_12212602/12210731_12212602/project_3/project_3.srcs/constrs_1/new/MIni_piano_cons.xdc]
WARNING: [Vivado 12-507] No nets matched 'mode_IBUF[1]'. [C:/Users/B_W_Y_Y/Desktop/12210731_12212602/12210731_12212602/project_3/project_3.srcs/constrs_1/new/MIni_piano_cons.xdc:103]
CRITICAL WARNING: [Common 17-55] 'set_property' expects at least one object. [C:/Users/B_W_Y_Y/Desktop/12210731_12212602/12210731_12212602/project_3/project_3.srcs/constrs_1/new/MIni_piano_cons.xdc:103]
Resolution: If [get_<value>] was used to populate the object, check to make sure this command returns at least one valid object.
Finished Parsing XDC File [C:/Users/B_W_Y_Y/Desktop/12210731_12212602/12210731_12212602/project_3/project_3.srcs/constrs_1/new/MIni_piano_cons.xdc]
INFO: [Project 1-236] Implementation specific constraints were found while reading constraint file [C:/Users/B_W_Y_Y/Desktop/12210731_12212602/12210731_12212602/project_3/project_3.srcs/constrs_1/new/MIni_piano_cons.xdc]. These constraints will be ignored for synthesis but will be used in implementation. Impacted constraints are listed in the file [.Xil/Piano_Controller_propImpl.xdc].
Resolution: To avoid this warning, move constraints listed in [.Xil/Piano_Controller_propImpl.xdc] to another XDC file and exclude this new file from synthesis with the used_in_synthesis property (File Properties dialog in GUI) and re-run elaboration/synthesis.
Completed Processing XDC Constraints

INFO: [Project 1-111] Unisim Transformation Summary:
No Unisim elements were transformed.

Constraint Validation Runtime : Time (s): cpu = 00:00:00 ; elapsed = 00:00:00.002 . Memory (MB): peak = 720.508 ; gain = 0.000
---------------------------------------------------------------------------------
Finished Constraint Validation : Time (s): cpu = 00:00:12 ; elapsed = 00:00:14 . Memory (MB): peak = 720.508 ; gain = 490.617
---------------------------------------------------------------------------------
---------------------------------------------------------------------------------
Start Loading Part and Timing Information
---------------------------------------------------------------------------------
Loading part: xc7a35tcsg324-1
---------------------------------------------------------------------------------
Finished Loading Part and Timing Information : Time (s): cpu = 00:00:12 ; elapsed = 00:00:14 . Memory (MB): peak = 720.508 ; gain = 490.617
---------------------------------------------------------------------------------
---------------------------------------------------------------------------------
Start Applying 'set_property' XDC Constraints
---------------------------------------------------------------------------------
---------------------------------------------------------------------------------
Finished applying 'set_property' XDC Constraints : Time (s): cpu = 00:00:12 ; elapsed = 00:00:14 . Memory (MB): peak = 720.508 ; gain = 490.617
---------------------------------------------------------------------------------
INFO: [Synth 8-802] inferred FSM for state register 'switch_tone_reg' in module 'Free_play'
INFO: [Synth 8-5545] ROM "clk_out" won't be mapped to RAM because address size (41) is larger than maximum supported(25)
INFO: [Synth 8-5546] ROM "notes" won't be mapped to RAM because it is too sparse
INFO: [Synth 8-5546] ROM "notes" won't be mapped to RAM because it is too sparse
INFO: [Synth 8-5546] ROM "notes" won't be mapped to RAM because it is too sparse
INFO: [Synth 8-5544] ROM "cnt" won't be mapped to Block RAM because address size (2) smaller than threshold (5)
INFO: [Synth 8-5544] ROM "seg_in" won't be mapped to Block RAM because address size (2) smaller than threshold (5)
WARNING: [Synth 8-6014] Unused sequential element cnt_flag0_reg was removed.  [C:/Users/B_W_Y_Y/Desktop/12210731_12212602/12210731_12212602/project_3/project_3.srcs/sources_1/new/Auto_play.v:60]
WARNING: [Synth 8-6014] Unused sequential element cnt_flag1_reg was removed.  [C:/Users/B_W_Y_Y/Desktop/12210731_12212602/12210731_12212602/project_3/project_3.srcs/sources_1/new/Auto_play.v:74]
WARNING: [Synth 8-6014] Unused sequential element cnt_flag2_reg was removed.  [C:/Users/B_W_Y_Y/Desktop/12210731_12212602/12210731_12212602/project_3/project_3.srcs/sources_1/new/Auto_play.v:88]
INFO: [Synth 8-5545] ROM "clk_out" won't be mapped to RAM because address size (41) is larger than maximum supported(25)
INFO: [Synth 8-5544] ROM "choose_user" won't be mapped to Block RAM because address size (2) smaller than threshold (5)
INFO: [Synth 8-5544] ROM "rank" won't be mapped to Block RAM because address size (2) smaller than threshold (5)
INFO: [Synth 8-5544] ROM "user" won't be mapped to Block RAM because address size (2) smaller than threshold (5)
INFO: [Synth 8-5544] ROM "user1_rank" won't be mapped to Block RAM because address size (2) smaller than threshold (5)
INFO: [Synth 8-5546] ROM "cnt_flag0" won't be mapped to RAM because it is too sparse
INFO: [Synth 8-5546] ROM "cnt_fault0" won't be mapped to RAM because it is too sparse
INFO: [Synth 8-5546] ROM "cnt_flag1" won't be mapped to RAM because it is too sparse
INFO: [Synth 8-5546] ROM "cnt_fault1" won't be mapped to RAM because it is too sparse
INFO: [Synth 8-5546] ROM "cnt_flag2" won't be mapped to RAM because it is too sparse
INFO: [Synth 8-5546] ROM "cnt_fault2" won't be mapped to RAM because it is too sparse
INFO: [Synth 8-5544] ROM "cnt" won't be mapped to Block RAM because address size (2) smaller than threshold (5)
INFO: [Synth 8-5544] ROM "song" won't be mapped to Block RAM because address size (2) smaller than threshold (5)
WARNING: [Synth 8-6014] Unused sequential element cnt_fault0_reg was removed.  [C:/Users/B_W_Y_Y/Desktop/12210731_12212602/12210731_12212602/project_3/project_3.srcs/sources_1/new/Studymode.v:387]
WARNING: [Synth 8-6014] Unused sequential element cnt_fault1_reg was removed.  [C:/Users/B_W_Y_Y/Desktop/12210731_12212602/12210731_12212602/project_3/project_3.srcs/sources_1/new/Studymode.v:431]
WARNING: [Synth 8-6014] Unused sequential element cnt_fault2_reg was removed.  [C:/Users/B_W_Y_Y/Desktop/12210731_12212602/12210731_12212602/project_3/project_3.srcs/sources_1/new/Studymode.v:475]
WARNING: [Synth 8-6014] Unused sequential element counter_reg was removed.  [C:/Users/B_W_Y_Y/Desktop/12210731_12212602/12210731_12212602/project_3/project_3.srcs/sources_1/new/Buzzer.v:91]
INFO: [Synth 8-5545] ROM "led" won't be mapped to RAM because address size (32) is larger than maximum supported(25)
WARNING: [Synth 8-6014] Unused sequential element clkdiv_reg was removed.  [C:/Users/B_W_Y_Y/Desktop/12210731_12212602/12210731_12212602/project_3/project_3.srcs/sources_1/new/Light_seg.v:38]
---------------------------------------------------------------------------------------------------
                   State |                     New Encoding |                Previous Encoding 
---------------------------------------------------------------------------------------------------
                  iSTATE |                               00 |                              000
                 iSTATE0 |                               01 |                              100
                 iSTATE1 |                               10 |                              001
                 iSTATE2 |                               11 |                              010
*
---------------------------------------------------------------------------------------------------
INFO: [Synth 8-3354] encoded FSM with state register 'switch_tone_reg' using encoding 'sequential' in module 'Free_play'
WARNING: [Synth 8-327] inferring latch for variable 'notes_reg' [C:/Users/B_W_Y_Y/Desktop/12210731_12212602/12210731_12212602/project_3/project_3.srcs/sources_1/new/Library.v:300]
WARNING: [Synth 8-327] inferring latch for variable 'seg_in_reg' [C:/Users/B_W_Y_Y/Desktop/12210731_12212602/12210731_12212602/project_3/project_3.srcs/sources_1/new/Auto_play.v:103]
WARNING: [Synth 8-327] inferring latch for variable 'cnt_reg' [C:/Users/B_W_Y_Y/Desktop/12210731_12212602/12210731_12212602/project_3/project_3.srcs/sources_1/new/Auto_play.v:102]
WARNING: [Synth 8-327] inferring latch for variable 'rank_reg' [C:/Users/B_W_Y_Y/Desktop/12210731_12212602/12210731_12212602/project_3/project_3.srcs/sources_1/new/Studymode.v:98]
WARNING: [Synth 8-327] inferring latch for variable 'user_reg' [C:/Users/B_W_Y_Y/Desktop/12210731_12212602/12210731_12212602/project_3/project_3.srcs/sources_1/new/Studymode.v:99]
WARNING: [Synth 8-327] inferring latch for variable 'grades_reg' [C:/Users/B_W_Y_Y/Desktop/12210731_12212602/12210731_12212602/project_3/project_3.srcs/sources_1/new/Studymode.v:532]
WARNING: [Synth 8-327] inferring latch for variable 'song_reg' [C:/Users/B_W_Y_Y/Desktop/12210731_12212602/12210731_12212602/project_3/project_3.srcs/sources_1/new/Studymode.v:533]
WARNING: [Synth 8-327] inferring latch for variable 'cnt_reg' [C:/Users/B_W_Y_Y/Desktop/12210731_12212602/12210731_12212602/project_3/project_3.srcs/sources_1/new/Studymode.v:516]
WARNING: [Synth 8-327] inferring latch for variable 'notes_reg' [C:/Users/B_W_Y_Y/Desktop/12210731_12212602/12210731_12212602/project_3/project_3.srcs/sources_1/new/Piano_Controller.v:96]
WARNING: [Synth 8-327] inferring latch for variable 'seg_in_reg' [C:/Users/B_W_Y_Y/Desktop/12210731_12212602/12210731_12212602/project_3/project_3.srcs/sources_1/new/Piano_Controller.v:97]
---------------------------------------------------------------------------------
Finished RTL Optimization Phase 2 : Time (s): cpu = 00:00:13 ; elapsed = 00:00:15 . Memory (MB): peak = 720.508 ; gain = 490.617
---------------------------------------------------------------------------------

Report RTL Partitions: 
+-+--------------+------------+----------+
| |RTL Partition |Replication |Instances |
+-+--------------+------------+----------+
+-+--------------+------------+----------+
---------------------------------------------------------------------------------
Start RTL Component Statistics 
---------------------------------------------------------------------------------
Detailed RTL Component Info : 
+---Adders : 
	   2 Input     41 Bit       Adders := 2     
	   2 Input      9 Bit       Adders := 3     
	   2 Input      8 Bit       Adders := 9     
+---Registers : 
	               41 Bit    Registers := 2     
	                8 Bit    Registers := 9     
	                5 Bit    Registers := 1     
	                2 Bit    Registers := 4     
	                1 Bit    Registers := 13    
+---Multipliers : 
	                8x201  Multipliers := 3     
+---Muxes : 
	   2 Input     41 Bit        Muxes := 2     
	   2 Input     40 Bit        Muxes := 4     
	   2 Input     36 Bit        Muxes := 1     
	   2 Input      8 Bit        Muxes := 9     
	   3 Input      8 Bit        Muxes := 1     
	   9 Input      7 Bit        Muxes := 1     
	   9 Input      5 Bit        Muxes := 1     
	   4 Input      5 Bit        Muxes := 3     
	  79 Input      5 Bit        Muxes := 2     
	  83 Input      5 Bit        Muxes := 2     
	  99 Input      5 Bit        Muxes := 2     
	   3 Input      5 Bit        Muxes := 1     
	   2 Input      5 Bit        Muxes := 4     
	   8 Input      4 Bit        Muxes := 1     
	   9 Input      3 Bit        Muxes := 2     
	   4 Input      2 Bit        Muxes := 1     
	   3 Input      2 Bit        Muxes := 3     
	   2 Input      2 Bit        Muxes := 4     
	  79 Input      1 Bit        Muxes := 2     
	   2 Input      1 Bit        Muxes := 33    
	  83 Input      1 Bit        Muxes := 2     
	 100 Input      1 Bit        Muxes := 2     
	   4 Input      1 Bit        Muxes := 7     
	   3 Input      1 Bit        Muxes := 2     
	   9 Input      1 Bit        Muxes := 3     
---------------------------------------------------------------------------------
Finished RTL Component Statistics 
---------------------------------------------------------------------------------
---------------------------------------------------------------------------------
Start RTL Hierarchical Component Statistics 
---------------------------------------------------------------------------------
Hierarchical RTL Component report 
Module Piano_Controller 
Detailed RTL Component Info : 
+---Registers : 
	                2 Bit    Registers := 1     
+---Muxes : 
	   2 Input     40 Bit        Muxes := 2     
	   2 Input      5 Bit        Muxes := 2     
	   3 Input      2 Bit        Muxes := 1     
	   4 Input      1 Bit        Muxes := 2     
Module Debounce 
Detailed RTL Component Info : 
+---Registers : 
	                1 Bit    Registers := 2     
Module Free_play 
Detailed RTL Component Info : 
+---Registers : 
	                5 Bit    Registers := 1     
+---Muxes : 
	   9 Input      5 Bit        Muxes := 1     
	   4 Input      5 Bit        Muxes := 1     
	   8 Input      4 Bit        Muxes := 1     
	   9 Input      3 Bit        Muxes := 2     
	   4 Input      2 Bit        Muxes := 1     
Module Fre_div 
Detailed RTL Component Info : 
+---Adders : 
	   2 Input     41 Bit       Adders := 1     
+---Registers : 
	               41 Bit    Registers := 1     
	                1 Bit    Registers := 1     
+---Muxes : 
	   2 Input     41 Bit        Muxes := 1     
Module Library 
Detailed RTL Component Info : 
+---Muxes : 
	  79 Input      5 Bit        Muxes := 1     
	  83 Input      5 Bit        Muxes := 1     
	  99 Input      5 Bit        Muxes := 1     
	  79 Input      1 Bit        Muxes := 1     
	   2 Input      1 Bit        Muxes := 2     
	  83 Input      1 Bit        Muxes := 1     
	 100 Input      1 Bit        Muxes := 1     
Module Auto_play 
Detailed RTL Component Info : 
+---Adders : 
	   2 Input      8 Bit       Adders := 3     
+---Registers : 
	                8 Bit    Registers := 3     
	                2 Bit    Registers := 1     
+---Muxes : 
	   2 Input     40 Bit        Muxes := 2     
	   2 Input     36 Bit        Muxes := 1     
	   2 Input      8 Bit        Muxes := 2     
	   3 Input      2 Bit        Muxes := 1     
	   4 Input      1 Bit        Muxes := 1     
	   2 Input      1 Bit        Muxes := 7     
Module Fre_div__parameterized0 
Detailed RTL Component Info : 
+---Adders : 
	   2 Input     41 Bit       Adders := 1     
+---Registers : 
	               41 Bit    Registers := 1     
	                1 Bit    Registers := 1     
+---Muxes : 
	   2 Input     41 Bit        Muxes := 1     
Module Studymode 
Detailed RTL Component Info : 
+---Adders : 
	   2 Input      9 Bit       Adders := 3     
	   2 Input      8 Bit       Adders := 6     
+---Registers : 
	                8 Bit    Registers := 6     
	                2 Bit    Registers := 2     
+---Multipliers : 
	                8x201  Multipliers := 3     
+---Muxes : 
	   3 Input      8 Bit        Muxes := 1     
	   2 Input      8 Bit        Muxes := 7     
	   3 Input      5 Bit        Muxes := 1     
	   2 Input      5 Bit        Muxes := 2     
	   3 Input      2 Bit        Muxes := 1     
	   2 Input      2 Bit        Muxes := 4     
	   4 Input      1 Bit        Muxes := 4     
	   2 Input      1 Bit        Muxes := 22    
	   3 Input      1 Bit        Muxes := 2     
	   9 Input      1 Bit        Muxes := 3     
Module Buzzer 
Detailed RTL Component Info : 
+---Registers : 
	                1 Bit    Registers := 1     
Module Led 
Detailed RTL Component Info : 
+---Muxes : 
	   9 Input      7 Bit        Muxes := 1     
Module Light_seg 
Detailed RTL Component Info : 
+---Muxes : 
	   4 Input      5 Bit        Muxes := 1     
---------------------------------------------------------------------------------
Finished RTL Hierarchical Component Statistics
---------------------------------------------------------------------------------
---------------------------------------------------------------------------------
Start Part Resource Summary
---------------------------------------------------------------------------------
Part Resources:
DSPs: 90 (col length:60)
BRAMs: 100 (col length: RAMB18 60 RAMB36 30)
---------------------------------------------------------------------------------
Finished Part Resource Summary
---------------------------------------------------------------------------------
---------------------------------------------------------------------------------
Start Cross Boundary and Area Optimization
---------------------------------------------------------------------------------
INFO: [Synth 8-5545] ROM "clk_out" won't be mapped to RAM because address size (41) is larger than maximum supported(25)
WARNING: [Synth 8-6014] Unused sequential element cnt_fault1_reg was removed.  [C:/Users/B_W_Y_Y/Desktop/12210731_12212602/12210731_12212602/project_3/project_3.srcs/sources_1/new/Studymode.v:431]
WARNING: [Synth 8-6014] Unused sequential element cnt_fault0_reg was removed.  [C:/Users/B_W_Y_Y/Desktop/12210731_12212602/12210731_12212602/project_3/project_3.srcs/sources_1/new/Studymode.v:387]
WARNING: [Synth 8-6014] Unused sequential element cnt_fault2_reg was removed.  [C:/Users/B_W_Y_Y/Desktop/12210731_12212602/12210731_12212602/project_3/project_3.srcs/sources_1/new/Studymode.v:475]
INFO: [Synth 8-5544] ROM "autoplay/seg_in" won't be mapped to Block RAM because address size (2) smaller than threshold (5)
INFO: [Synth 8-5587] ROM size for "p_0_out" is below threshold of ROM address width. It will be mapped to LUTs
INFO: [Synth 8-5587] ROM size for "p_0_out" is below threshold of ROM address width. It will be mapped to LUTs
INFO: [Synth 8-5587] ROM size for "p_0_out" is below threshold of ROM address width. It will be mapped to LUTs
INFO: [Synth 8-5545] ROM "autoplay/frediv/clk_out" won't be mapped to RAM because address size (41) is larger than maximum supported(25)
WARNING: [Synth 8-6014] Unused sequential element autoplay/cnt_flag1_reg was removed.  [C:/Users/B_W_Y_Y/Desktop/12210731_12212602/12210731_12212602/project_3/project_3.srcs/sources_1/new/Auto_play.v:74]
WARNING: [Synth 8-6014] Unused sequential element autoplay/cnt_flag0_reg was removed.  [C:/Users/B_W_Y_Y/Desktop/12210731_12212602/12210731_12212602/project_3/project_3.srcs/sources_1/new/Auto_play.v:60]
WARNING: [Synth 8-6014] Unused sequential element autoplay/cnt_flag2_reg was removed.  [C:/Users/B_W_Y_Y/Desktop/12210731_12212602/12210731_12212602/project_3/project_3.srcs/sources_1/new/Auto_play.v:88]
WARNING: [Synth 8-6014] Unused sequential element buzzer/counter_reg was removed.  [C:/Users/B_W_Y_Y/Desktop/12210731_12212602/12210731_12212602/project_3/project_3.srcs/sources_1/new/Buzzer.v:91]
WARNING: [Synth 8-6014] Unused sequential element autolight0/clkdiv_reg was removed.  [C:/Users/B_W_Y_Y/Desktop/12210731_12212602/12210731_12212602/project_3/project_3.srcs/sources_1/new/Light_seg.v:38]
WARNING: [Synth 8-6014] Unused sequential element autolight1/clkdiv_reg was removed.  [C:/Users/B_W_Y_Y/Desktop/12210731_12212602/12210731_12212602/project_3/project_3.srcs/sources_1/new/Light_seg.v:38]
WARNING: [Synth 8-6014] Unused sequential element autolight1/clkdiv_reg was removed.  [C:/Users/B_W_Y_Y/Desktop/12210731_12212602/12210731_12212602/project_3/project_3.srcs/sources_1/new/Light_seg.v:38]
WARNING: [Synth 8-3917] design Piano_Controller has port sd driven by constant 1
INFO: [Synth 8-3886] merging instance 'autoplay/seg_in_reg[4]' (LDP) to 'autoplay/seg_in_reg[38]'
INFO: [Synth 8-3886] merging instance 'autoplay/seg_in_reg[9]' (LDP) to 'autoplay/seg_in_reg[38]'
INFO: [Synth 8-3886] merging instance 'autoplay/seg_in_reg[14]' (LDP) to 'autoplay/seg_in_reg[38]'
INFO: [Synth 8-3886] merging instance 'autoplay/seg_in_reg[19]' (LDCP) to 'autoplay/seg_in_reg[33]'
INFO: [Synth 8-3886] merging instance 'study/user_reg[4]' (LDP) to 'study/user_reg[3]'
INFO: [Synth 8-3886] merging instance 'autoplay/seg_in_reg[3]' (LDP) to 'autoplay/seg_in_reg[38]'
INFO: [Synth 8-3886] merging instance 'autoplay/seg_in_reg[8]' (LDP) to 'autoplay/seg_in_reg[38]'
INFO: [Synth 8-3886] merging instance 'autoplay/seg_in_reg[13]' (LDP) to 'autoplay/seg_in_reg[38]'
INFO: [Synth 8-3886] merging instance 'autoplay/seg_in_reg[18]' (LDP) to 'autoplay/seg_in_reg[38]'
INFO: [Synth 8-3886] merging instance 'study/user_reg[3]' (LDP) to 'study/user_reg[2]'
INFO: [Synth 8-3886] merging instance 'autoplay/seg_in_reg[2]' (LDP) to 'autoplay/seg_in_reg[38]'
INFO: [Synth 8-3886] merging instance 'autoplay/seg_in_reg[7]' (LDP) to 'autoplay/seg_in_reg[38]'
INFO: [Synth 8-3886] merging instance 'autoplay/seg_in_reg[12]' (LDCP) to 'autoplay/seg_in_reg[33]'
INFO: [Synth 8-3886] merging instance 'autoplay/seg_in_reg[17]' (LDP) to 'autoplay/seg_in_reg[38]'
INFO: [Synth 8-3333] propagating constant 1 across sequential element (study/\user_reg[2] )
INFO: [Synth 8-3886] merging instance 'autoplay/seg_in_reg[1]' (LDP) to 'autoplay/seg_in_reg[38]'
INFO: [Synth 8-3886] merging instance 'autoplay/seg_in_reg[6]' (LDP) to 'autoplay/seg_in_reg[38]'
INFO: [Synth 8-3886] merging instance 'autoplay/seg_in_reg[11]' (LDCP) to 'autoplay/seg_in_reg[33]'
INFO: [Synth 8-3886] merging instance 'autoplay/seg_in_reg[16]' (LDP) to 'autoplay/seg_in_reg[38]'
INFO: [Synth 8-3886] merging instance 'autoplay/seg_in_reg[0]' (LDP) to 'autoplay/seg_in_reg[38]'
INFO: [Synth 8-3886] merging instance 'autoplay/seg_in_reg[5]' (LDP) to 'autoplay/seg_in_reg[38]'
INFO: [Synth 8-3886] merging instance 'autoplay/seg_in_reg[10]' (LDP) to 'autoplay/seg_in_reg[38]'
INFO: [Synth 8-3886] merging instance 'autoplay/seg_in_reg[15]' (LDCP) to 'autoplay/seg_in_reg[33]'
INFO: [Synth 8-3886] merging instance 'autoplay/seg_in_reg[24]' (LDP) to 'autoplay/seg_in_reg[38]'
INFO: [Synth 8-3886] merging instance 'autoplay/seg_in_reg[34]' (LDP) to 'autoplay/seg_in_reg[39]'
INFO: [Synth 8-3886] merging instance 'study/song_reg[4]' (LDP) to 'study/song_reg[3]'
INFO: [Synth 8-3886] merging instance 'autoplay/seg_in_reg[23]' (LDCP) to 'autoplay/seg_in_reg[33]'
INFO: [Synth 8-3886] merging instance 'autoplay/seg_in_reg[28]' (LDCP) to 'autoplay/seg_in_reg[33]'
INFO: [Synth 8-3886] merging instance 'autoplay/seg_in_reg[33]' (LDCP) to 'autoplay/seg_in_reg[26]'
INFO: [Synth 8-3886] merging instance 'autoplay/seg_in_reg[38]' (LDP) to 'autoplay/seg_in_reg[36]'
INFO: [Synth 8-3886] merging instance 'study/song_reg[3]' (LDP) to 'study/song_reg[2]'
INFO: [Synth 8-3886] merging instance 'autoplay/seg_in_reg[22]' (LDC) to 'autoplay/seg_in_reg[37]'
INFO: [Synth 8-3886] merging instance 'autoplay/seg_in_reg[27]' (LDC) to 'autoplay/seg_in_reg[37]'
INFO: [Synth 8-3886] merging instance 'autoplay/seg_in_reg[37]' (LDC) to 'autoplay/seg_in_reg[25]'
INFO: [Synth 8-3333] propagating constant 1 across sequential element (study/\song_reg[2] )
INFO: [Synth 8-3886] merging instance 'autoplay/seg_in_reg[21]' (LDC) to 'autoplay/seg_in_reg[25]'
INFO: [Synth 8-3886] merging instance 'autoplay/seg_in_reg[26]' (LDCP) to 'autoplay/seg_in_reg[20]'
INFO: [Synth 8-3886] merging instance 'autoplay/seg_in_reg[31]' (LDP) to 'autoplay/seg_in_reg[36]'
INFO: [Synth 8-3333] propagating constant 1 across sequential element (\autoplay/seg_in_reg[36] )
INFO: [Synth 8-3333] propagating constant 0 across sequential element (\autoplay/seg_in_reg[25] )
INFO: [Synth 8-3886] merging instance 'autoplay/lib/notes_reg[3]' (LDC) to 'autoplay/lib/notes_reg[4]'
INFO: [Synth 8-3886] merging instance 'study/lib/notes_reg[3]' (LDC) to 'study/lib/notes_reg[4]'
INFO: [Synth 8-3333] propagating constant 0 across sequential element (\autoplay/lib/notes_reg[4] )
INFO: [Synth 8-3333] propagating constant 0 across sequential element (study/\lib/notes_reg[4] )
INFO: [Synth 8-3886] merging instance 'seg_in_reg[4]' (LD) to 'seg_in_reg[9]'
INFO: [Synth 8-3886] merging instance 'seg_in_reg[9]' (LD) to 'seg_in_reg[14]'
INFO: [Synth 8-3886] merging instance 'seg_in_reg[14]' (LD) to 'seg_in_reg[13]'
INFO: [Synth 8-3886] merging instance 'seg_in_reg[18]' (LD) to 'seg_in_reg[38]'
INFO: [Synth 8-3886] merging instance 'seg_in_reg[12]' (LD) to 'seg_in_reg[11]'
INFO: [Synth 8-3886] merging instance 'seg_in_reg[17]' (LD) to 'seg_in_reg[38]'
INFO: [Synth 8-3886] merging instance 'seg_in_reg[11]' (LD) to 'seg_in_reg[33]'
INFO: [Synth 8-3886] merging instance 'seg_in_reg[24]' (LD) to 'seg_in_reg[31]'
INFO: [Synth 8-3333] propagating constant 1 across sequential element (\seg_in_reg[38] )
WARNING: [Synth 8-3332] Sequential element (autoplay/lib/notes_reg[4]) is unused and will be removed from module Piano_Controller.
WARNING: [Synth 8-3332] Sequential element (autoplay/seg_in_reg[36]) is unused and will be removed from module Piano_Controller.
WARNING: [Synth 8-3332] Sequential element (autoplay/seg_in_reg[25]) is unused and will be removed from module Piano_Controller.
WARNING: [Synth 8-3332] Sequential element (lib/notes_reg[4]) is unused and will be removed from module Studymode.
WARNING: [Synth 8-3332] Sequential element (user_reg[2]) is unused and will be removed from module Studymode.
WARNING: [Synth 8-3332] Sequential element (song_reg[2]) is unused and will be removed from module Studymode.
WARNING: [Synth 8-3332] Sequential element (cnt_fault1_reg[198]) is unused and will be removed from module Studymode.
WARNING: [Synth 8-3332] Sequential element (cnt_fault1_reg[199]) is unused and will be removed from module Studymode.
WARNING: [Synth 8-3332] Sequential element (cnt_fault1_reg[200]) is unused and will be removed from module Studymode.
WARNING: [Synth 8-3332] Sequential element (cnt_fault0_reg[198]) is unused and will be removed from module Studymode.
WARNING: [Synth 8-3332] Sequential element (cnt_fault0_reg[199]) is unused and will be removed from module Studymode.
WARNING: [Synth 8-3332] Sequential element (cnt_fault0_reg[200]) is unused and will be removed from module Studymode.
WARNING: [Synth 8-3332] Sequential element (cnt_fault2_reg[198]) is unused and will be removed from module Studymode.
WARNING: [Synth 8-3332] Sequential element (cnt_fault2_reg[199]) is unused and will be removed from module Studymode.
WARNING: [Synth 8-3332] Sequential element (cnt_fault2_reg[200]) is unused and will be removed from module Studymode.
WARNING: [Synth 8-3332] Sequential element (seg_in_reg[38]) is unused and will be removed from module Piano_Controller.
---------------------------------------------------------------------------------
Finished Cross Boundary and Area Optimization : Time (s): cpu = 00:00:21 ; elapsed = 00:00:23 . Memory (MB): peak = 720.508 ; gain = 490.617
---------------------------------------------------------------------------------
---------------------------------------------------------------------------------
Start ROM, RAM, DSP and Shift Register Reporting
---------------------------------------------------------------------------------

ROM:
+-----------------+--------------------+---------------+----------------+
|Module Name      | RTL Object         | Depth x Width | Implemented As | 
+-----------------+--------------------+---------------+----------------+
|Light_seg        | seg_out            | 32x8          | LUT            | 
|Piano_Controller | autolight0/seg_out | 32x8          | LUT            | 
|Piano_Controller | autolight1/seg_out | 32x8          | LUT            | 
+-----------------+--------------------+---------------+----------------+

---------------------------------------------------------------------------------
Finished ROM, RAM, DSP and Shift Register Reporting
---------------------------------------------------------------------------------

Report RTL Partitions: 
+-+--------------+------------+----------+
| |RTL Partition |Replication |Instances |
+-+--------------+------------+----------+
+-+--------------+------------+----------+
---------------------------------------------------------------------------------
Start Applying XDC Timing Constraints
---------------------------------------------------------------------------------
---------------------------------------------------------------------------------
Finished Applying XDC Timing Constraints : Time (s): cpu = 00:00:26 ; elapsed = 00:00:28 . Memory (MB): peak = 731.945 ; gain = 502.055
---------------------------------------------------------------------------------
---------------------------------------------------------------------------------
Start Timing Optimization
---------------------------------------------------------------------------------
---------------------------------------------------------------------------------
Finished Timing Optimization : Time (s): cpu = 00:00:27 ; elapsed = 00:00:28 . Memory (MB): peak = 739.672 ; gain = 509.781
---------------------------------------------------------------------------------

Report RTL Partitions: 
+-+--------------+------------+----------+
| |RTL Partition |Replication |Instances |
+-+--------------+------------+----------+
+-+--------------+------------+----------+
---------------------------------------------------------------------------------
Start Technology Mapping
---------------------------------------------------------------------------------
---------------------------------------------------------------------------------
Finished Technology Mapping : Time (s): cpu = 00:00:28 ; elapsed = 00:00:30 . Memory (MB): peak = 809.637 ; gain = 579.746
---------------------------------------------------------------------------------

Report RTL Partitions: 
+-+--------------+------------+----------+
| |RTL Partition |Replication |Instances |
+-+--------------+------------+----------+
+-+--------------+------------+----------+
---------------------------------------------------------------------------------
Start IO Insertion
---------------------------------------------------------------------------------
---------------------------------------------------------------------------------
Start Flattening Before IO Insertion
---------------------------------------------------------------------------------
---------------------------------------------------------------------------------
Finished Flattening Before IO Insertion
---------------------------------------------------------------------------------
---------------------------------------------------------------------------------
Start Final Netlist Cleanup
---------------------------------------------------------------------------------
---------------------------------------------------------------------------------
Finished Final Netlist Cleanup
---------------------------------------------------------------------------------
---------------------------------------------------------------------------------
Finished IO Insertion : Time (s): cpu = 00:00:29 ; elapsed = 00:00:31 . Memory (MB): peak = 809.637 ; gain = 579.746
---------------------------------------------------------------------------------

Report Check Netlist: 
+------+------------------+-------+---------+-------+------------------+
|      |Item              |Errors |Warnings |Status |Description       |
+------+------------------+-------+---------+-------+------------------+
|1     |multi_driven_nets |      0|        0|Passed |Multi driven nets |
+------+------------------+-------+---------+-------+------------------+
---------------------------------------------------------------------------------
Start Renaming Generated Instances
---------------------------------------------------------------------------------
---------------------------------------------------------------------------------
Finished Renaming Generated Instances : Time (s): cpu = 00:00:29 ; elapsed = 00:00:31 . Memory (MB): peak = 809.637 ; gain = 579.746
---------------------------------------------------------------------------------

Report RTL Partitions: 
+-+--------------+------------+----------+
| |RTL Partition |Replication |Instances |
+-+--------------+------------+----------+
+-+--------------+------------+----------+
---------------------------------------------------------------------------------
Start Rebuilding User Hierarchy
---------------------------------------------------------------------------------
---------------------------------------------------------------------------------
Finished Rebuilding User Hierarchy : Time (s): cpu = 00:00:30 ; elapsed = 00:00:31 . Memory (MB): peak = 809.637 ; gain = 579.746
---------------------------------------------------------------------------------
---------------------------------------------------------------------------------
Start Renaming Generated Ports
---------------------------------------------------------------------------------
---------------------------------------------------------------------------------
Finished Renaming Generated Ports : Time (s): cpu = 00:00:30 ; elapsed = 00:00:31 . Memory (MB): peak = 809.637 ; gain = 579.746
---------------------------------------------------------------------------------
---------------------------------------------------------------------------------
Start Handling Custom Attributes
---------------------------------------------------------------------------------
---------------------------------------------------------------------------------
Finished Handling Custom Attributes : Time (s): cpu = 00:00:30 ; elapsed = 00:00:31 . Memory (MB): peak = 809.637 ; gain = 579.746
---------------------------------------------------------------------------------
---------------------------------------------------------------------------------
Start Renaming Generated Nets
---------------------------------------------------------------------------------
---------------------------------------------------------------------------------
Finished Renaming Generated Nets : Time (s): cpu = 00:00:30 ; elapsed = 00:00:31 . Memory (MB): peak = 809.637 ; gain = 579.746
---------------------------------------------------------------------------------
---------------------------------------------------------------------------------
Start Writing Synthesis Report
---------------------------------------------------------------------------------

Report BlackBoxes: 
+-+--------------+----------+
| |BlackBox name |Instances |
+-+--------------+----------+
+-+--------------+----------+

Report Cell Usage: 
+------+-------+------+
|      |Cell   |Count |
+------+-------+------+
|1     |BUFG   |     3|
|2     |CARRY4 |  2144|
|3     |LUT1   |    20|
|4     |LUT2   |   733|
|5     |LUT3   |  5408|
|6     |LUT4   |    72|
|7     |LUT5   |   126|
|8     |LUT6   |   762|
|9     |MUXF7  |     4|
|10    |FDCE   |    21|
|11    |FDRE   |   806|
|12    |FDSE   |    26|
|13    |LD     |    68|
|14    |LDC    |     9|
|15    |LDCP   |     6|
|16    |LDP    |     1|
|17    |IBUF   |    15|
|18    |OBUF   |    33|
+------+-------+------+

Report Instance Areas: 
+------+---------------+------------------------+------+
|      |Instance       |Module                  |Cells |
+------+---------------+------------------------+------+
|1     |top            |                        | 10257|
|2     |  autolight0   |Light_seg               |    59|
|3     |  autoplay     |Auto_play               |   187|
|4     |    frediv     |Fre_div                 |    65|
|5     |    lib        |Library_4               |    22|
|6     |  buzzer       |Buzzer                  |   108|
|7     |  changeflag0  |Debounce                |     3|
|8     |  changemode0  |Debounce_0              |     3|
|9     |  changeuser0  |Debounce_1              |     3|
|10    |  freeplay     |Free_play               |    35|
|11    |  save_userd   |Debounce_2              |     3|
|12    |  study        |Studymode               |  9752|
|13    |    fre2       |Fre_div__parameterized0 |    65|
|14    |    lib        |Library                 |    19|
|15    |  switch_tone0 |Debounce_3              |     3|
+------+---------------+------------------------+------+
---------------------------------------------------------------------------------
Finished Writing Synthesis Report : Time (s): cpu = 00:00:30 ; elapsed = 00:00:32 . Memory (MB): peak = 809.637 ; gain = 579.746
---------------------------------------------------------------------------------
Synthesis finished with 0 errors, 0 critical warnings and 45 warnings.
Synthesis Optimization Runtime : Time (s): cpu = 00:00:22 ; elapsed = 00:00:27 . Memory (MB): peak = 809.637 ; gain = 243.484
Synthesis Optimization Complete : Time (s): cpu = 00:00:30 ; elapsed = 00:00:32 . Memory (MB): peak = 809.637 ; gain = 579.746
INFO: [Project 1-571] Translating synthesized netlist
INFO: [Netlist 29-17] Analyzing 2247 Unisim elements for replacement
INFO: [Netlist 29-28] Unisim Transformation completed in 0 CPU seconds
WARNING: [Netlist 29-101] Netlist 'Piano_Controller' is not ideal for floorplanning, since the cellview 'Studymode' contains a large number of primitives.  Please consider enabling hierarchy in synthesis if you want to do floorplanning.
INFO: [Project 1-570] Preparing netlist for logic optimization
INFO: [Opt 31-138] Pushed 0 inverter(s) to 0 load pin(s).
INFO: [Project 1-111] Unisim Transformation Summary:
  A total of 84 instances were transformed.
  LD => LDCE: 68 instances
  LDC => LDCE: 9 instances
  LDCP => LDCP (GND, LUT3, LUT3, LDCE, VCC): 6 instances
  LDP => LDPE: 1 instances

INFO: [Common 17-83] Releasing license: Synthesis
121 Infos, 148 Warnings, 1 Critical Warnings and 0 Errors encountered.
synth_design completed successfully
synth_design: Time (s): cpu = 00:00:31 ; elapsed = 00:00:36 . Memory (MB): peak = 809.637 ; gain = 583.770
INFO: [Common 17-1381] The checkpoint 'C:/Users/B_W_Y_Y/Desktop/12210731_12212602/12210731_12212602/project_3/project_3.runs/synth_1/Piano_Controller.dcp' has been generated.
INFO: [runtcl-4] Executing : report_utilization -file Piano_Controller_utilization_synth.rpt -pb Piano_Controller_utilization_synth.pb
report_utilization: Time (s): cpu = 00:00:00 ; elapsed = 00:00:00.044 . Memory (MB): peak = 809.637 ; gain = 0.000
INFO: [Common 17-206] Exiting Vivado at Tue Jan  2 23:02:05 2024...
